<?xml version="1.0" encoding="UTF-8"?>
<testng-results skipped="0" failed="0" total="6" passed="6">
  <reporter-output>
  </reporter-output>
  <suite name="Suite" duration-ms="94" started-at="2019-01-21T06:11:17Z" finished-at="2019-01-21T06:11:17Z">
    <groups>
      <group name="Benz">
        <method signature="TestNG_Annotation_Groups.testCar3()[pri:0, instance:com.testng.TestNG_Annotation_Groups@18be83e4]" name="testCar3" class="com.testng.TestNG_Annotation_Groups"/>
      </group> <!-- Benz -->
      <group name="Car">
        <method signature="TestNG_Annotation_Groups.testCar1()[pri:0, instance:com.testng.TestNG_Annotation_Groups@18be83e4]" name="testCar1" class="com.testng.TestNG_Annotation_Groups"/>
        <method signature="TestNG_Annotation_Groups.testCar2()[pri:0, instance:com.testng.TestNG_Annotation_Groups@18be83e4]" name="testCar2" class="com.testng.TestNG_Annotation_Groups"/>
        <method signature="TestNG_Annotation_Groups.testCar3()[pri:0, instance:com.testng.TestNG_Annotation_Groups@18be83e4]" name="testCar3" class="com.testng.TestNG_Annotation_Groups"/>
      </group> <!-- Car -->
      <group name="Activa">
        <method signature="TestNG_Annotation_Groups.testBike2()[pri:0, instance:com.testng.TestNG_Annotation_Groups@18be83e4]" name="testBike2" class="com.testng.TestNG_Annotation_Groups"/>
      </group> <!-- Activa -->
      <group name="Bike">
        <method signature="TestNG_Annotation_Groups.testBike1()[pri:0, instance:com.testng.TestNG_Annotation_Groups@18be83e4]" name="testBike1" class="com.testng.TestNG_Annotation_Groups"/>
        <method signature="TestNG_Annotation_Groups.testBike2()[pri:0, instance:com.testng.TestNG_Annotation_Groups@18be83e4]" name="testBike2" class="com.testng.TestNG_Annotation_Groups"/>
        <method signature="TestNG_Annotation_Groups.testBike3()[pri:0, instance:com.testng.TestNG_Annotation_Groups@18be83e4]" name="testBike3" class="com.testng.TestNG_Annotation_Groups"/>
      </group> <!-- Bike -->
    </groups>
    <test name="TestNG Groups Test" duration-ms="94" started-at="2019-01-21T06:11:17Z" finished-at="2019-01-21T06:11:17Z">
      <class name="com.testng.TestNG_Annotation_Groups">
        <test-method status="PASS" signature="testBike1()[pri:0, instance:com.testng.TestNG_Annotation_Groups@18be83e4]" name="testBike1" duration-ms="16" started-at="2019-01-21T11:41:17Z" finished-at="2019-01-21T11:41:17Z">
          <reporter-output>
          </reporter-output>
        </test-method> <!-- testBike1 -->
        <test-method status="PASS" signature="testCar1()[pri:0, instance:com.testng.TestNG_Annotation_Groups@18be83e4]" name="testCar1" duration-ms="16" started-at="2019-01-21T11:41:17Z" finished-at="2019-01-21T11:41:17Z">
          <reporter-output>
          </reporter-output>
        </test-method> <!-- testCar1 -->
        <test-method status="PASS" signature="testBike3()[pri:0, instance:com.testng.TestNG_Annotation_Groups@18be83e4]" name="testBike3" duration-ms="0" started-at="2019-01-21T11:41:17Z" finished-at="2019-01-21T11:41:17Z">
          <reporter-output>
          </reporter-output>
        </test-method> <!-- testBike3 -->
        <test-method status="PASS" signature="testBike2()[pri:0, instance:com.testng.TestNG_Annotation_Groups@18be83e4]" name="testBike2" duration-ms="0" started-at="2019-01-21T11:41:17Z" finished-at="2019-01-21T11:41:17Z">
          <reporter-output>
          </reporter-output>
        </test-method> <!-- testBike2 -->
        <test-method status="PASS" signature="testCar3()[pri:0, instance:com.testng.TestNG_Annotation_Groups@18be83e4]" name="testCar3" duration-ms="0" started-at="2019-01-21T11:41:17Z" finished-at="2019-01-21T11:41:17Z">
          <reporter-output>
          </reporter-output>
        </test-method> <!-- testCar3 -->
        <test-method status="PASS" signature="testCar2()[pri:0, instance:com.testng.TestNG_Annotation_Groups@18be83e4]" name="testCar2" duration-ms="0" started-at="2019-01-21T11:41:17Z" finished-at="2019-01-21T11:41:17Z">
          <reporter-output>
          </reporter-output>
        </test-method> <!-- testCar2 -->
      </class> <!-- com.testng.TestNG_Annotation_Groups -->
    </test> <!-- TestNG Groups Test -->
  </suite> <!-- Suite -->
</testng-results>
