<?xml version="1.0" encoding="UTF-8"?>
<!-- Generated by org.testng.reporters.JUnitXMLReporter -->
<testsuite hostname="HDDT0260" name="TestNG Groups Test" tests="6" failures="0" timestamp="21 Jan 2019 06:11:17 GMT" time="0.094" errors="0">
  <testcase name="testBike1" time="0.016" classname="com.testng.TestNG_Annotation_Groups"/>
  <testcase name="testBike2" time="0.0" classname="com.testng.TestNG_Annotation_Groups"/>
  <testcase name="testBike3" time="0.0" classname="com.testng.TestNG_Annotation_Groups"/>
  <testcase name="testCar1" time="0.016" classname="com.testng.TestNG_Annotation_Groups"/>
  <testcase name="testCar2" time="0.0" classname="com.testng.TestNG_Annotation_Groups"/>
  <testcase name="testCar3" time="0.0" classname="com.testng.TestNG_Annotation_Groups"/>
</testsuite> <!-- TestNG Groups Test -->
